<?xml version="1.0" encoding="UTF-8" ?>
<testsuite errors="0" failures="0" hostname="Scotts-MacBook-Pro-2.local" name="paystation.domain.PayStationImplTest" skipped="0" tests="10" time="0.129" timestamp="2019-01-30T00:05:44">
  <properties>
[...]
</properties>
  <testcase classname="paystation.domain.PayStationImplTest" name="shouldClearAfterCancel" time="0.002" />
  <testcase classname="paystation.domain.PayStationImplTest" name="shouldClearAfterBuy" time="0.0" />
  <testcase classname="paystation.domain.PayStationImplTest" name="shouldReturnReceiptWhenBuy100c" time="0.001" />
  <testcase classname="paystation.domain.PayStationImplTest" name="testEmpty" time="0.0" />
  <testcase classname="paystation.domain.PayStationImplTest" name="shouldRejectIllegalCoin" time="0.0" />
  <testcase classname="paystation.domain.PayStationImplTest" name="shouldDisplay14MinFor10And25Cents" time="0.0" />
  <testcase classname="paystation.domain.PayStationImplTest" name="shouldDisplay2MinFor5Cents" time="0.0" />
  <testcase classname="paystation.domain.PayStationImplTest" name="testCancel" time="0.0" />
  <testcase classname="paystation.domain.PayStationImplTest" name="shouldReturnCorrectReceiptWhenBuy" time="0.001" />
  <testcase classname="paystation.domain.PayStationImplTest" name="shouldDisplay10MinFor25Cents" time="0.0" />
  <system-out><![CDATA[]]></system-out>
  <system-err><![CDATA[]]></system-err>
</testsuite>
